<?xml version="1.0" encoding="UTF-8"?>
<testng-results skipped="0" failed="0" total="5" passed="5">
  <reporter-output>
  </reporter-output>
  <suite name="Default suite" duration-ms="15701" started-at="2018-09-04T11:57:24Z" finished-at="2018-09-04T11:57:40Z">
    <groups>
    </groups>
    <test name="Default test" duration-ms="15701" started-at="2018-09-04T11:57:24Z" finished-at="2018-09-04T11:57:40Z">
      <class name="com.qait.automation.TatocPageObject.AppTest">
        <test-method status="PASS" signature="openPage()[pri:0, instance:com.qait.automation.TatocPageObject.AppTest@5700d6b1]" name="openPage" is-config="true" duration-ms="5761" started-at="2018-09-04T17:27:24Z" finished-at="2018-09-04T17:27:30Z">
          <reporter-output>
          </reporter-output>
        </test-method> <!-- openPage -->
        <test-method status="PASS" signature="LoginWithvalidPasswordAndvalidUserName()[pri:0, instance:com.qait.automation.TatocPageObject.AppTest@5700d6b1]" name="LoginWithvalidPasswordAndvalidUserName" duration-ms="9343" started-at="2018-09-04T17:27:30Z" finished-at="2018-09-04T17:27:39Z">
          <reporter-output>
          </reporter-output>
        </test-method> <!-- LoginWithvalidPasswordAndvalidUserName -->
        <test-method status="PASS" signature="checkForPageTitle()[pri:0, instance:com.qait.automation.TatocPageObject.AppTest@5700d6b1]" name="checkForPageTitle" duration-ms="29" started-at="2018-09-04T17:27:40Z" depends-on-methods="com.qait.automation.TatocPageObject.AppTest.LoginWithvalidPasswordAndvalidUserName" finished-at="2018-09-04T17:27:40Z">
          <reporter-output>
          </reporter-output>
        </test-method> <!-- checkForPageTitle -->
        <test-method status="PASS" signature="checkForPageHeader()[pri:0, instance:com.qait.automation.TatocPageObject.AppTest@5700d6b1]" name="checkForPageHeader" duration-ms="35" started-at="2018-09-04T17:27:40Z" depends-on-methods="com.qait.automation.TatocPageObject.AppTest.checkForPageTitle" finished-at="2018-09-04T17:27:40Z">
          <reporter-output>
          </reporter-output>
        </test-method> <!-- checkForPageHeader -->
        <test-method status="PASS" signature="checkForImageofTheuser()[pri:0, instance:com.qait.automation.TatocPageObject.AppTest@5700d6b1]" name="checkForImageofTheuser" duration-ms="469" started-at="2018-09-04T17:27:40Z" depends-on-methods="com.qait.automation.TatocPageObject.AppTest.checkForPageHeader" finished-at="2018-09-04T17:27:40Z">
          <reporter-output>
          </reporter-output>
        </test-method> <!-- checkForImageofTheuser -->
        <test-method status="PASS" signature="isLogoDisplayed()[pri:0, instance:com.qait.automation.TatocPageObject.AppTest@5700d6b1]" name="isLogoDisplayed" duration-ms="49" started-at="2018-09-04T17:27:40Z" depends-on-methods="com.qait.automation.TatocPageObject.AppTest.checkForImageofTheuser" finished-at="2018-09-04T17:27:40Z">
          <reporter-output>
          </reporter-output>
        </test-method> <!-- isLogoDisplayed -->
        <test-method status="PASS" signature="closePage()[pri:0, instance:com.qait.automation.TatocPageObject.AppTest@5700d6b1]" name="closePage" is-config="true" duration-ms="0" started-at="2018-09-04T17:27:40Z" finished-at="2018-09-04T17:27:40Z">
          <reporter-output>
          </reporter-output>
        </test-method> <!-- closePage -->
      </class> <!-- com.qait.automation.TatocPageObject.AppTest -->
    </test> <!-- Default test -->
  </suite> <!-- Default suite -->
</testng-results>
